<?xml version="1.0" encoding="UTF-8"?>
<testsuite name="RubricTest" tests="4" skipped="0" failures="0" errors="0" timestamp="2021-05-15T09:44:01" hostname="Your-MacBook-Air.local" time="0.092">
  <properties/>
  <testcase name="testAddCriterion_VALUE()" classname="RubricTest" time="0.068"/>
  <testcase name="testAddCriterion_OBJECT()" classname="RubricTest" time="0.004"/>
  <testcase name="testGetMaximum()" classname="RubricTest" time="0.005"/>
  <testcase name="testRubricName()" classname="RubricTest" time="0.008"/>
  <system-out><![CDATA[]]></system-out>
  <system-err><![CDATA[]]></system-err>
</testsuite>
