<?xml version="1.0" encoding="UTF-8"?>
<testsuite name="RubricTest" tests="9" skipped="0" failures="0" errors="0" timestamp="2021-05-17T08:35:52" hostname="Your-MacBook-Air.local" time="0.136">
  <properties/>
  <testcase name="testPrintAllStatsPerStudent_NOT_FOUND()" classname="RubricTest" time="0.072"/>
  <testcase name="testPrintAllStatsPerStudent()" classname="RubricTest" time="0.011"/>
  <testcase name="testAddCriterion_VALUE()" classname="RubricTest" time="0.005"/>
  <testcase name="testGetAllRubric()" classname="RubricTest" time="0.007"/>
  <testcase name="testAddCriterion_OBJECT()" classname="RubricTest" time="0.002"/>
  <testcase name="testGetSpecificRubricByName()" classname="RubricTest" time="0.007"/>
  <testcase name="testGetMaximum()" classname="RubricTest" time="0.004"/>
  <testcase name="testGetMinimum()" classname="RubricTest" time="0.001"/>
  <testcase name="testRubricName()" classname="RubricTest" time="0.004"/>
  <system-out><![CDATA[Student with name sampleCriterion3 not found.
Std: 3.16
Average: 10
Minimum: 10
Maximum: 10

			------========== sampleRubric ==========------

sampleCategory1 - 
sampleCriterion1 - 10 - 
sampleCriterion2 - 24 - 

			------========== sampleRubric ==========------

		           sampleCategory1
sampleCriterion1	            10		
]]></system-out>
  <system-err><![CDATA[]]></system-err>
</testsuite>
