<?xml version="1.0" encoding="UTF-8"?>
<testsuite name="RubricTest" tests="7" skipped="0" failures="0" errors="0" timestamp="2021-05-16T10:48:09" hostname="Your-MacBook-Air.local" time="0.231">
  <properties/>
  <testcase name="testAddCriterion_VALUE()" classname="RubricTest" time="0.106"/>
  <testcase name="testGetAllRubric()" classname="RubricTest" time="0.038"/>
  <testcase name="testAddCriterion_OBJECT()" classname="RubricTest" time="0.008"/>
  <testcase name="testGetSpecificRubricByName()" classname="RubricTest" time="0.012"/>
  <testcase name="testGetMaximum()" classname="RubricTest" time="0.007"/>
  <testcase name="testGetMinimum()" classname="RubricTest" time="0.016"/>
  <testcase name="testRubricName()" classname="RubricTest" time="0.008"/>
  <system-out><![CDATA[
			------========== sampleRubric ==========------

sampleCategory1 - 
sampleCriterion1 - 10 - 
sampleCriterion2 - 24 - 

			------========== sampleRubric ==========------

		           sampleCategory1
sampleCriterion1	            10		
]]></system-out>
  <system-err><![CDATA[]]></system-err>
</testsuite>
