<?xml version="1.0" encoding="UTF-8"?>
<testsuite name="RubricTest" tests="13" skipped="0" failures="0" errors="0" timestamp="2021-05-18T12:12:08" hostname="Your-MacBook-Air.local" time="0.247">
  <properties/>
  <testcase name="testPrintAllStatsPerStudent_NOT_FOUND()" classname="RubricTest" time="0.092"/>
  <testcase name="testPrintAllStatsPerStudent()" classname="RubricTest" time="0.008"/>
  <testcase name="testAddCategory()" classname="RubricTest" time="0.004"/>
  <testcase name="testAddCriterion_VALUE()" classname="RubricTest" time="0.006"/>
  <testcase name="testGetAverage()" classname="RubricTest" time="0.018"/>
  <testcase name="testGetAllRubric()" classname="RubricTest" time="0.035"/>
  <testcase name="testAddCriterion_OBJECT()" classname="RubricTest" time="0.002"/>
  <testcase name="testGetSpecificRubricByName()" classname="RubricTest" time="0.018"/>
  <testcase name="testGetMaximum()" classname="RubricTest" time="0.002"/>
  <testcase name="testPrintRubricForParticularColumn()" classname="RubricTest" time="0.018"/>
  <testcase name="testGetStd()" classname="RubricTest" time="0.003"/>
  <testcase name="testGetMinimum()" classname="RubricTest" time="0.002"/>
  <testcase name="testRubricName()" classname="RubricTest" time="0.001"/>
  <system-out><![CDATA[Student with name sampleCriterion3 not found.
Std: 3.16
Average: 10
Minimum: 10
Maximum: 10

			------========== sampleRubric ==========------

sampleCategory1 - 
sampleCriterion1 - 10 - 
sampleCriterion2 - 24 - 

			------========== sampleRubric ==========------

		           sampleCategory1
sampleCriterion1	            10		

			------========== sampleRubric For Column sampleCategory1 Only ==========------

sampleCategory1 - 
sampleCriterion1 - 10 - 
sampleCriterion2 - 24 - 

Std Deviation - 8.12 - 
Mean / Average - 17 - 
Minimum - 10 - 
Maximum - 24 - 
]]></system-out>
  <system-err><![CDATA[]]></system-err>
</testsuite>
